Arguments: 
  C:\Program Files\nodejs\node.exe C:\Users\Keita Moussa\AppData\Roaming\npm\node_modules\yarn\bin\yarn.js add @symfony/GestionClient --dev

PATH: 
  C:\oraclexe\app\oracle\product\11.2.0\server\bin;C:\Program Files (x86)\Common Files\Oracle\Java\javapath;C:\WINDOWS\system32;C:\WINDOWS;C:\WINDOWS\System32\Wbem;C:\WINDOWS\System32\WindowsPowerShell\v1.0\;C:\WINDOWS\System32\OpenSSH\;C:\Program Files (x86)\Brackets\command;c:\Program Files (x86)\Microsoft SQL Server\110\Tools\Binn\;c:\Program Files\Microsoft SQL Server\110\Tools\Binn\;c:\Program Files\Microsoft SQL Server\110\DTS\Binn\;C:\Program Files\nodejs\;C:\ProgramData\ComposerSetup\bin;C:\Program Files\Git\cmd;C:\Program Files\Java\jdk-10.0.2;C:\Users\Keita Moussa\AppData\Roaming\npm;C:\wamp64\bin\php\php7.2.10;C:\Users\Keita Moussa\AppData\Roaming\Composer\vendor\bin

Yarn version: 
  1.13.0

Node version: 
  10.15.2

Platform: 
  win32 x64

Trace: 
  Error: https://registry.yarnpkg.com/@symfony%2fGestionClient: Not found
      at Request.params.callback [as _callback] (C:\Users\Keita Moussa\AppData\Roaming\npm\node_modules\yarn\lib\cli.js:66255:18)
      at Request.self.callback (C:\Users\Keita Moussa\AppData\Roaming\npm\node_modules\yarn\lib\cli.js:129397:22)
      at Request.emit (events.js:189:13)
      at Request.<anonymous> (C:\Users\Keita Moussa\AppData\Roaming\npm\node_modules\yarn\lib\cli.js:130369:10)
      at Request.emit (events.js:189:13)
      at IncomingMessage.<anonymous> (C:\Users\Keita Moussa\AppData\Roaming\npm\node_modules\yarn\lib\cli.js:130291:12)
      at Object.onceWrapper (events.js:277:13)
      at IncomingMessage.emit (events.js:194:15)
      at endReadableNT (_stream_readable.js:1103:12)
      at process._tickCallback (internal/process/next_tick.js:63:19)

npm manifest: 
  No manifest

yarn manifest: 
  No manifest

Lockfile: 
  No lockfile
